<?xml version="1.0" encoding="UTF-8"?>
<!-- Generated by org.testng.reporters.JUnitReportReporter -->
<testsuite hostname="INBL01LAP31086" failures="0" tests="1" name="Alerts.execute" time="18.711" errors="0" timestamp="6 Jul 2023 07:41:52 GMT">
  <testcase classname="Alerts.execute" name="check" time="18.711"/>
</testsuite> <!-- Alerts.execute -->
