<?xml version="1.0" encoding="UTF-8"?>
<!-- Generated by org.testng.reporters.JUnitReportReporter -->
<testsuite hostname="INBL01LAP31086" failures="0" tests="1" name="DemoShop.Execution" time="26.354" errors="0" timestamp="6 Jul 2023 06:03:47 GMT">
  <testcase classname="DemoShop.Execution" name="test" time="26.354"/>
</testsuite> <!-- DemoShop.Execution -->
