<?xml version="1.0" encoding="UTF-8"?>
<!-- Generated by org.testng.reporters.JUnitReportReporter -->
<testsuite hostname="INBL01LAP31086" failures="0" tests="1" name="test.testing.execute" time="17.829" errors="0" timestamp="5 Jul 2023 06:47:45 GMT">
  <testcase classname="test.testing.execute" name="check" time="17.829"/>
</testsuite> <!-- test.testing.execute -->
