<?xml version="1.0" encoding="UTF-8"?>
<!-- Generated by org.testng.reporters.JUnitReportReporter -->
<testsuite hostname="INBL01LAP31086" failures="0" tests="1" name="test.testing.AppTest" time="0.001" errors="0" timestamp="5 Jul 2023 04:23:40 GMT">
  <testcase classname="test.testing.AppTest" name="shouldAnswerWithTrue" time="0.001"/>
</testsuite> <!-- test.testing.AppTest -->
